<?xml version="1.0" encoding="UTF-8"?>
<coverage generated="1550056324366" clover="3.2.0">
  <project timestamp="1550056324367" name="All files">
    <metrics statements="145" coveredstatements="88" conditionals="35" coveredconditionals="7" methods="30" coveredmethods="12" elements="210" coveredelements="107" complexity="0" loc="145" ncloc="145" packages="3" files="8" classes="8">
      <package name="budget">
        <metrics statements="6" coveredstatements="6" conditionals="0" coveredconditionals="0" methods="0" coveredmethods="0"/>
        <file name="test-setup.js" path="/Users/abigailcoe/Sites/budget/test-setup.js">
          <metrics statements="6" coveredstatements="6" conditionals="0" coveredconditionals="0" methods="0" coveredmethods="0"/>
          <line num="1" count="1" type="stmt"/>
          <line num="2" count="1" type="stmt"/>
          <line num="3" count="1" type="stmt"/>
          <line num="5" count="1" type="stmt"/>
          <line num="9" count="1" type="stmt"/>
          <line num="10" count="1" type="stmt"/>
        </file>
      </package>
      <package name="budget.components">
        <metrics statements="124" coveredstatements="70" conditionals="23" coveredconditionals="2" methods="27" coveredmethods="9"/>
        <file name="BudgetCalculator.tsx" path="/Users/abigailcoe/Sites/budget/components/BudgetCalculator.tsx">
          <metrics statements="64" coveredstatements="37" conditionals="10" coveredconditionals="2" methods="12" coveredmethods="6"/>
          <line num="1" count="1" type="stmt"/>
          <line num="2" count="1" type="stmt"/>
          <line num="3" count="1" type="stmt"/>
          <line num="5" count="1" type="stmt"/>
          <line num="11" count="1" type="stmt"/>
          <line num="12" count="1" type="stmt"/>
          <line num="13" count="1" type="stmt"/>
          <line num="14" count="1" type="stmt"/>
          <line num="23" count="1" type="stmt"/>
          <line num="25" count="1" type="cond" truecount="2" falsecount="0"/>
          <line num="26" count="1" type="stmt"/>
          <line num="32" count="1" type="stmt"/>
          <line num="33" count="1" type="stmt"/>
          <line num="34" count="1" type="stmt"/>
          <line num="37" count="1" type="stmt"/>
          <line num="38" count="1" type="stmt"/>
          <line num="39" count="1" type="stmt"/>
          <line num="42" count="1" type="stmt"/>
          <line num="43" count="0" type="stmt"/>
          <line num="49" count="1" type="stmt"/>
          <line num="50" count="0" type="stmt"/>
          <line num="53" count="1" type="stmt"/>
          <line num="54" count="0" type="stmt"/>
          <line num="55" count="0" type="stmt"/>
          <line num="59" count="0" type="cond" truecount="0" falsecount="2"/>
          <line num="60" count="0" type="stmt"/>
          <line num="62" count="0" type="stmt"/>
          <line num="63" count="0" type="cond" truecount="0" falsecount="2"/>
          <line num="64" count="0" type="stmt"/>
          <line num="65" count="0" type="stmt"/>
          <line num="66" count="0" type="stmt"/>
          <line num="68" count="0" type="stmt"/>
          <line num="77" count="1" type="stmt"/>
          <line num="78" count="1" type="stmt"/>
          <line num="79" count="1" type="stmt"/>
          <line num="80" count="1" type="stmt"/>
          <line num="84" count="1" type="stmt"/>
          <line num="85" count="1" type="stmt"/>
          <line num="88" count="1" type="stmt"/>
          <line num="120" count="1" type="stmt"/>
          <line num="121" count="1" type="stmt"/>
          <line num="122" count="1" type="stmt"/>
          <line num="123" count="1" type="stmt"/>
          <line num="124" count="0" type="stmt"/>
          <line num="125" count="0" type="stmt"/>
          <line num="126" count="0" type="cond" truecount="0" falsecount="2"/>
          <line num="127" count="0" type="stmt"/>
          <line num="133" count="0" type="stmt"/>
          <line num="134" count="0" type="stmt"/>
          <line num="135" count="0" type="stmt"/>
          <line num="136" count="0" type="stmt"/>
          <line num="140" count="1" type="stmt"/>
          <line num="141" count="0" type="stmt"/>
          <line num="142" count="0" type="stmt"/>
          <line num="143" count="0" type="stmt"/>
          <line num="147" count="0" type="stmt"/>
          <line num="150" count="1" type="stmt"/>
          <line num="151" count="1" type="stmt"/>
          <line num="152" count="1" type="stmt"/>
          <line num="153" count="0" type="cond" truecount="0" falsecount="2"/>
          <line num="154" count="0" type="stmt"/>
          <line num="155" count="0" type="stmt"/>
          <line num="163" count="1" type="stmt"/>
          <line num="165" count="1" type="stmt"/>
        </file>
        <file name="DateSelection.tsx" path="/Users/abigailcoe/Sites/budget/components/DateSelection.tsx">
          <metrics statements="13" coveredstatements="8" conditionals="5" coveredconditionals="0" methods="5" coveredmethods="1"/>
          <line num="1" count="1" type="stmt"/>
          <line num="2" count="1" type="stmt"/>
          <line num="3" count="1" type="stmt"/>
          <line num="5" count="1" type="stmt"/>
          <line num="16" count="1" type="cond" truecount="0" falsecount="3"/>
          <line num="17" count="0" type="stmt"/>
          <line num="21" count="1" type="stmt"/>
          <line num="22" count="0" type="stmt"/>
          <line num="24" count="0" type="stmt"/>
          <line num="33" count="0" type="stmt"/>
          <line num="36" count="0" type="stmt"/>
          <line num="44" count="1" type="stmt"/>
          <line num="46" count="1" type="stmt"/>
        </file>
        <file name="Day.tsx" path="/Users/abigailcoe/Sites/budget/components/Day.tsx">
          <metrics statements="10" coveredstatements="7" conditionals="4" coveredconditionals="0" methods="3" coveredmethods="1"/>
          <line num="1" count="1" type="stmt"/>
          <line num="2" count="1" type="stmt"/>
          <line num="10" count="1" type="stmt"/>
          <line num="11" count="1" type="stmt"/>
          <line num="12" count="0" type="stmt"/>
          <line num="26" count="0" type="cond" truecount="0" falsecount="2"/>
          <line num="27" count="0" type="stmt"/>
          <line num="40" count="1" type="stmt"/>
          <line num="42" count="1" type="stmt"/>
          <line num="58" count="1" type="stmt"/>
        </file>
        <file name="DayInputsContainer.tsx" path="/Users/abigailcoe/Sites/budget/components/DayInputsContainer.tsx">
          <metrics statements="12" coveredstatements="6" conditionals="0" coveredconditionals="0" methods="2" coveredmethods="0"/>
          <line num="2" count="1" type="stmt"/>
          <line num="3" count="1" type="stmt"/>
          <line num="5" count="1" type="stmt"/>
          <line num="7" count="1" type="stmt"/>
          <line num="15" count="1" type="stmt"/>
          <line num="16" count="0" type="stmt"/>
          <line num="17" count="0" type="stmt"/>
          <line num="18" count="0" type="stmt"/>
          <line num="20" count="0" type="stmt"/>
          <line num="24" count="0" type="stmt"/>
          <line num="27" count="0" type="stmt"/>
          <line num="40" count="1" type="stmt"/>
        </file>
        <file name="PeriodAllowance.tsx" path="/Users/abigailcoe/Sites/budget/components/PeriodAllowance.tsx">
          <metrics statements="11" coveredstatements="7" conditionals="2" coveredconditionals="0" methods="3" coveredmethods="1"/>
          <line num="1" count="1" type="stmt"/>
          <line num="2" count="1" type="stmt"/>
          <line num="9" count="1" type="stmt"/>
          <line num="10" count="1" type="stmt"/>
          <line num="11" count="0" type="stmt"/>
          <line num="12" count="0" type="stmt"/>
          <line num="13" count="0" type="stmt"/>
          <line num="22" count="0" type="stmt"/>
          <line num="33" count="1" type="stmt"/>
          <line num="35" count="1" type="stmt"/>
          <line num="42" count="1" type="stmt"/>
        </file>
        <file name="RemainderCalculations.tsx" path="/Users/abigailcoe/Sites/budget/components/RemainderCalculations.tsx">
          <metrics statements="14" coveredstatements="5" conditionals="2" coveredconditionals="0" methods="2" coveredmethods="0"/>
          <line num="1" count="1" type="stmt"/>
          <line num="2" count="1" type="stmt"/>
          <line num="12" count="1" type="stmt"/>
          <line num="13" count="0" type="stmt"/>
          <line num="14" count="0" type="stmt"/>
          <line num="15" count="0" type="stmt"/>
          <line num="16" count="0" type="stmt"/>
          <line num="17" count="0" type="stmt"/>
          <line num="19" count="0" type="stmt"/>
          <line num="20" count="0" type="stmt"/>
          <line num="21" count="0" type="stmt"/>
          <line num="22" count="0" type="stmt"/>
          <line num="52" count="1" type="stmt"/>
          <line num="62" count="1" type="stmt"/>
        </file>
      </package>
      <package name="budget.lib">
        <metrics statements="15" coveredstatements="12" conditionals="12" coveredconditionals="5" methods="3" coveredmethods="3"/>
        <file name="date.tsx" path="/Users/abigailcoe/Sites/budget/lib/date.tsx">
          <metrics statements="15" coveredstatements="12" conditionals="12" coveredconditionals="5" methods="3" coveredmethods="3"/>
          <line num="1" count="1" type="stmt"/>
          <line num="3" count="1" type="stmt"/>
          <line num="4" count="1" type="stmt"/>
          <line num="6" count="1" type="stmt"/>
          <line num="7" count="2" type="stmt"/>
          <line num="14" count="1" type="stmt"/>
          <line num="16" count="1" type="cond" truecount="1" falsecount="1"/>
          <line num="17" count="1" type="stmt"/>
          <line num="22" count="0" type="cond" truecount="0" falsecount="2"/>
          <line num="23" count="0" type="stmt"/>
          <line num="25" count="0" type="stmt"/>
          <line num="27" count="1" type="stmt"/>
          <line num="30" count="1" type="stmt"/>
          <line num="31" count="1" type="stmt"/>
          <line num="32" count="1" type="stmt"/>
        </file>
      </package>
    </metrics>
  </project>
</coverage>
