{"/Users/abigailcoe/Sites/budget/test-setup.js": {"path":"/Users/abigailcoe/Sites/budget/test-setup.js","statementMap":{"0":{"start":{"line":1,"column":42},"end":{"line":1,"column":97}},"1":{"start":{"line":1,"column":112},"end":{"line":1,"column":153}},"2":{"start":{"line":2,"column":26},"end":{"line":2,"column":84}},"3":{"start":{"line":3,"column":19},"end":{"line":3,"column":42}},"4":{"start":{"line":5,"column":0},"end":{"line":5,"column":74}},"5":{"start":{"line":9,"column":0},"end":{"line":9,"column":70}},"6":{"start":{"line":10,"column":0},"end":{"line":10,"column":66}}},"fnMap":{},"branchMap":{},"s":{"0":1,"1":1,"2":1,"3":1,"4":1,"5":1,"6":1},"f":{},"b":{},"_coverageSchema":"332fd63041d2c1bcb487cc26dd0d5f7d97098a6c","hash":"504fbf951b0ba8e1421d59591bf507a7dbb1f480"}
,"/Users/abigailcoe/Sites/budget/components/BudgetCalculator.tsx": {"path":"/Users/abigailcoe/Sites/budget/components/BudgetCalculator.tsx","statementMap":{"0":{"start":{"line":1,"column":0},"end":{"line":1,"column":40}},"1":{"start":{"line":2,"column":0},"end":{"line":2,"column":43}},"2":{"start":{"line":3,"column":0},"end":{"line":3,"column":54}},"3":{"start":{"line":5,"column":0},"end":{"line":9,"column":20}},"4":{"start":{"line":11,"column":0},"end":{"line":11,"column":43}},"5":{"start":{"line":12,"column":0},"end":{"line":12,"column":44}},"6":{"start":{"line":13,"column":0},"end":{"line":13,"column":52}},"7":{"start":{"line":14,"column":0},"end":{"line":14,"column":59}},"8":{"start":{"line":23,"column":0},"end":{"line":23,"column":40}},"9":{"start":{"line":23,"column":31},"end":{"line":23,"column":51}},"10":{"start":{"line":25,"column":4},"end":{"line":25,"column":16}},"11":{"start":{"line":42,"column":9},"end":{"line":47,"column":4}},"12":{"start":{"line":43,"column":4},"end":{"line":46,"column":6}},"13":{"start":{"line":49,"column":9},"end":{"line":51,"column":4}},"14":{"start":{"line":50,"column":4},"end":{"line":50,"column":69}},"15":{"start":{"line":53,"column":9},"end":{"line":75,"column":4}},"16":{"start":{"line":54,"column":27},"end":{"line":54,"column":28}},"17":{"start":{"line":55,"column":27},"end":{"line":58,"column":5}},"18":{"start":{"line":59,"column":4},"end":{"line":61,"column":5}},"19":{"start":{"line":60,"column":6},"end":{"line":60,"column":37}},"20":{"start":{"line":62,"column":26},"end":{"line":62,"column":56}},"21":{"start":{"line":63,"column":4},"end":{"line":67,"column":5}},"22":{"start":{"line":64,"column":6},"end":{"line":66,"column":33}},"23":{"start":{"line":65,"column":28},"end":{"line":65,"column":48}},"24":{"start":{"line":66,"column":26},"end":{"line":66,"column":31}},"25":{"start":{"line":68,"column":4},"end":{"line":74,"column":6}},"26":{"start":{"line":120,"column":10},"end":{"line":138,"column":4}},"27":{"start":{"line":121,"column":10},"end":{"line":121,"column":31}},"28":{"start":{"line":122,"column":4},"end":{"line":122,"column":45}},"29":{"start":{"line":123,"column":27},"end":{"line":123,"column":78}},"30":{"start":{"line":123,"column":10},"end":{"line":123,"column":78}},"31":{"start":{"line":124,"column":8},"end":{"line":124,"column":31}},"32":{"start":{"line":125,"column":12},"end":{"line":125,"column":46}},"33":{"start":{"line":126,"column":10},"end":{"line":126,"column":57}},"34":{"start":{"line":127,"column":8},"end":{"line":130,"column":9}},"35":{"start":{"line":127,"column":8},"end":{"line":130,"column":10}},"36":{"start":{"line":133,"column":4},"end":{"line":133,"column":45}},"37":{"start":{"line":134,"column":28},"end":{"line":134,"column":79}},"38":{"start":{"line":134,"column":10},"end":{"line":134,"column":79}},"39":{"start":{"line":135,"column":8},"end":{"line":135,"column":32}},"40":{"start":{"line":136,"column":6},"end":{"line":136,"column":60}},"41":{"start":{"line":136,"column":6},"end":{"line":136,"column":61}},"42":{"start":{"line":140,"column":10},"end":{"line":148,"column":4}},"43":{"start":{"line":141,"column":10},"end":{"line":141,"column":29}},"44":{"start":{"line":142,"column":10},"end":{"line":142,"column":28}},"45":{"start":{"line":143,"column":23},"end":{"line":146,"column":5}},"46":{"start":{"line":143,"column":10},"end":{"line":146,"column":5}},"47":{"start":{"line":147,"column":4},"end":{"line":147,"column":22}},"48":{"start":{"line":150,"column":10},"end":{"line":162,"column":4}},"49":{"start":{"line":151,"column":10},"end":{"line":151,"column":29}},"50":{"start":{"line":152,"column":22},"end":{"line":152,"column":71}},"51":{"start":{"line":152,"column":10},"end":{"line":152,"column":71}},"52":{"start":{"line":153,"column":4},"end":{"line":161,"column":5}},"53":{"start":{"line":154,"column":12},"end":{"line":154,"column":41}},"54":{"start":{"line":155,"column":6},"end":{"line":160,"column":9}},"55":{"start":{"line":26,"column":4},"end":{"line":31,"column":6}},"56":{"start":{"line":32,"column":4},"end":{"line":32,"column":38}},"57":{"start":{"line":33,"column":4},"end":{"line":33,"column":41}},"58":{"start":{"line":34,"column":4},"end":{"line":34,"column":38}},"59":{"start":{"line":37,"column":9},"end":{"line":40,"column":3}},"60":{"start":{"line":38,"column":4},"end":{"line":38,"column":21}},"61":{"start":{"line":39,"column":4},"end":{"line":39,"column":32}},"62":{"start":{"line":77,"column":9},"end":{"line":118,"column":3}},"63":{"start":{"line":78,"column":29},"end":{"line":78,"column":76}},"64":{"start":{"line":79,"column":29},"end":{"line":79,"column":71}},"65":{"start":{"line":80,"column":24},"end":{"line":83,"column":12}},"66":{"start":{"line":84,"column":26},"end":{"line":84,"column":56}},"67":{"start":{"line":85,"column":27},"end":{"line":87,"column":5}},"68":{"start":{"line":88,"column":4},"end":{"line":117,"column":6}},"69":{"start":{"line":163,"column":0},"end":{"line":163,"column":1}},"70":{"start":{"line":165,"column":0},"end":{"line":165,"column":32}}},"fnMap":{"0":{"name":"(anonymous_22)","decl":{"start":{"line":23,"column":0},"end":{"line":null,"column":-1}},"loc":{"start":{"line":23,"column":0},"end":{"line":23,"column":-1}}},"1":{"name":"BudgetCalculator","decl":{"start":{"line":24,"column":2},"end":{"line":24,"column":20}},"loc":{"start":{"line":24,"column":31},"end":{"line":35,"column":3}}},"2":{"name":"(anonymous_24)","decl":{"start":{"line":42,"column":29},"end":{"line":42,"column":29}},"loc":{"start":{"line":42,"column":46},"end":{"line":47,"column":3}}},"3":{"name":"(anonymous_25)","decl":{"start":{"line":49,"column":29},"end":{"line":49,"column":29}},"loc":{"start":{"line":49,"column":50},"end":{"line":51,"column":3}}},"4":{"name":"(anonymous_26)","decl":{"start":{"line":53,"column":32},"end":{"line":53,"column":32}},"loc":{"start":{"line":53,"column":66},"end":{"line":75,"column":3}}},"5":{"name":"(anonymous_27)","decl":{"start":{"line":65,"column":13},"end":{"line":65,"column":13}},"loc":{"start":{"line":65,"column":23},"end":{"line":65,"column":48}}},"6":{"name":"(anonymous_28)","decl":{"start":{"line":66,"column":16},"end":{"line":66,"column":16}},"loc":{"start":{"line":66,"column":21},"end":{"line":66,"column":31}}},"7":{"name":"(anonymous_29)","decl":{"start":{"line":120,"column":33},"end":{"line":null,"column":-1}},"loc":{"start":{"line":120,"column":33},"end":{"line":138,"column":3}}},"8":{"name":"(anonymous_32)","decl":{"start":{"line":140,"column":22},"end":{"line":null,"column":-1}},"loc":{"start":{"line":140,"column":22},"end":{"line":148,"column":3}}},"9":{"name":"(anonymous_35)","decl":{"start":{"line":150,"column":22},"end":{"line":null,"column":-1}},"loc":{"start":{"line":150,"column":22},"end":{"line":162,"column":3}}},"10":{"name":"(anonymous_38)","decl":{"start":{"line":37,"column":2},"end":{"line":null,"column":-1}},"loc":{"start":{"line":37,"column":2},"end":{"line":40,"column":3}}},"11":{"name":"(anonymous_39)","decl":{"start":{"line":77,"column":2},"end":{"line":null,"column":-1}},"loc":{"start":{"line":77,"column":2},"end":{"line":118,"column":3}}}},"branchMap":{"0":{"loc":{"start":{"line":25,"column":4},"end":{"line":25,"column":16}},"type":"binary-expr","locations":[{"start":{"line":25,"column":4},"end":{"line":25,"column":16}},{"start":{"line":25,"column":16},"end":{"line":35,"column":2}}]},"1":{"loc":{"start":{"line":59,"column":4},"end":{"line":61,"column":5}},"type":"if","locations":[{"start":{"line":59,"column":4},"end":{"line":61,"column":5}},{"start":{"line":59,"column":4},"end":{"line":61,"column":5}}]},"2":{"loc":{"start":{"line":63,"column":4},"end":{"line":67,"column":5}},"type":"if","locations":[{"start":{"line":63,"column":4},"end":{"line":67,"column":5}},{"start":{"line":63,"column":4},"end":{"line":67,"column":5}}]},"3":{"loc":{"start":{"line":126,"column":10},"end":{"line":126,"column":32}},"type":"binary-expr","locations":[{"start":{"line":126,"column":10},"end":{"line":126,"column":32}},{"start":{"line":126,"column":36},"end":{"line":126,"column":57}}]},"4":{"loc":{"start":{"line":153,"column":4},"end":{"line":161,"column":5}},"type":"if","locations":[{"start":{"line":153,"column":4},"end":{"line":161,"column":5}},{"start":{"line":153,"column":4},"end":{"line":161,"column":5}}]}},"s":{"0":1,"1":1,"2":1,"3":1,"4":1,"5":1,"6":1,"7":1,"8":1,"9":1,"10":1,"11":1,"12":0,"13":1,"14":0,"15":1,"16":0,"17":0,"18":0,"19":0,"20":0,"21":0,"22":0,"23":0,"24":0,"25":0,"26":1,"27":1,"28":1,"29":1,"30":0,"31":0,"32":0,"33":0,"34":0,"35":0,"36":0,"37":0,"38":0,"39":0,"40":0,"41":0,"42":1,"43":0,"44":0,"45":0,"46":0,"47":0,"48":1,"49":1,"50":1,"51":0,"52":0,"53":0,"54":0,"55":1,"56":1,"57":1,"58":1,"59":1,"60":1,"61":1,"62":1,"63":1,"64":1,"65":1,"66":1,"67":1,"68":1,"69":1,"70":1},"f":{"0":1,"1":1,"2":0,"3":0,"4":0,"5":0,"6":0,"7":1,"8":0,"9":1,"10":1,"11":1},"b":{"0":[1,1],"1":[0,0],"2":[0,0],"3":[0,0],"4":[0,0]}}
,"/Users/abigailcoe/Sites/budget/components/DateSelection.tsx": {"path":"/Users/abigailcoe/Sites/budget/components/DateSelection.tsx","statementMap":{"0":{"start":{"line":1,"column":0},"end":{"line":1,"column":22}},"1":{"start":{"line":2,"column":0},"end":{"line":2,"column":40}},"2":{"start":{"line":3,"column":0},"end":{"line":3,"column":61}},"3":{"start":{"line":5,"column":20},"end":{"line":5,"column":34}},"4":{"start":{"line":16,"column":0},"end":{"line":16,"column":37}},"5":{"start":{"line":16,"column":28},"end":{"line":16,"column":51}},"6":{"start":{"line":16,"column":0},"end":{"line":44,"column":0}},"7":{"start":{"line":17,"column":9},"end":{"line":19,"column":4}},"8":{"start":{"line":21,"column":9},"end":{"line":43,"column":3}},"9":{"start":{"line":21,"column":2},"end":{"line":43,"column":2}},"10":{"start":{"line":22,"column":4},"end":{"line":42,"column":6}},"11":{"start":{"line":24,"column":23},"end":{"line":24,"column":76}},"12":{"start":{"line":33,"column":14},"end":{"line":33,"column":59}},"13":{"start":{"line":36,"column":37},"end":{"line":38,"column":13}},"14":{"start":{"line":44,"column":0},"end":{"line":44,"column":1}},"15":{"start":{"line":46,"column":0},"end":{"line":46,"column":29}}},"fnMap":{"0":{"name":"(anonymous_8)","decl":{"start":{"line":16,"column":0},"end":{"line":null,"column":-1}},"loc":{"start":{"line":16,"column":0},"end":{"line":16,"column":-1}}},"1":{"name":"(anonymous_10)","decl":{"start":{"line":21,"column":2},"end":{"line":null,"column":-1}},"loc":{"start":{"line":21,"column":2},"end":{"line":43,"column":3}}},"2":{"name":"(anonymous_11)","decl":{"start":{"line":24,"column":17},"end":{"line":24,"column":22}},"loc":{"start":{"line":24,"column":17},"end":{"line":24,"column":76}}},"3":{"name":"(anonymous_12)","decl":{"start":{"line":32,"column":27},"end":{"line":32,"column":26}},"loc":{"start":{"line":32,"column":36},"end":{"line":33,"column":59}}},"4":{"name":"(anonymous_13)","decl":{"start":{"line":36,"column":29},"end":{"line":36,"column":28}},"loc":{"start":{"line":36,"column":33},"end":{"line":38,"column":13}}}},"branchMap":{"0":{"loc":{"start":{"line":16,"column":0},"end":{"line":44,"column":0}},"type":"binary-expr","locations":[{"start":{"line":16,"column":0},"end":{"line":44,"column":0}},{"start":{"line":16,"column":0},"end":{"line":44,"column":0}},{"start":{"line":16,"column":0},"end":{"line":44,"column":0}}]},"1":{"loc":{"start":{"line":29,"column":9},"end":{"line":29,"column":30}},"type":"binary-expr","locations":[{"start":{"line":29,"column":9},"end":{"line":29,"column":30}},{"start":{"line":30,"column":10},"end":{"line":39,"column":19}}]}},"s":{"0":1,"1":1,"2":1,"3":1,"4":1,"5":1,"6":0,"7":0,"8":1,"9":0,"10":0,"11":0,"12":0,"13":0,"14":1,"15":1},"f":{"0":1,"1":0,"2":0,"3":0,"4":0},"b":{"0":[0,0,0],"1":[0,0]}}
,"/Users/abigailcoe/Sites/budget/components/Day.tsx": {"path":"/Users/abigailcoe/Sites/budget/components/Day.tsx","statementMap":{"0":{"start":{"line":1,"column":0},"end":{"line":1,"column":40}},"1":{"start":{"line":2,"column":0},"end":{"line":2,"column":64}},"2":{"start":{"line":10,"column":0},"end":{"line":10,"column":27}},"3":{"start":{"line":10,"column":18},"end":{"line":10,"column":34}},"4":{"start":{"line":11,"column":9},"end":{"line":39,"column":3}},"5":{"start":{"line":11,"column":2},"end":{"line":39,"column":2}},"6":{"start":{"line":12,"column":4},"end":{"line":38,"column":6}},"7":{"start":{"line":26,"column":12},"end":{"line":28,"column":13}},"8":{"start":{"line":27,"column":14},"end":{"line":27,"column":80}},"9":{"start":{"line":40,"column":0},"end":{"line":40,"column":1}},"10":{"start":{"line":42,"column":15},"end":{"line":56,"column":2}},"11":{"start":{"line":58,"column":0},"end":{"line":58,"column":19}}},"fnMap":{"0":{"name":"(anonymous_7)","decl":{"start":{"line":10,"column":0},"end":{"line":null,"column":-1}},"loc":{"start":{"line":10,"column":0},"end":{"line":10,"column":-1}}},"1":{"name":"(anonymous_9)","decl":{"start":{"line":11,"column":2},"end":{"line":null,"column":-1}},"loc":{"start":{"line":11,"column":2},"end":{"line":39,"column":3}}},"2":{"name":"(anonymous_10)","decl":{"start":{"line":25,"column":24},"end":{"line":25,"column":24}},"loc":{"start":{"line":25,"column":34},"end":{"line":29,"column":11}}}},"branchMap":{"0":{"loc":{"start":{"line":26,"column":12},"end":{"line":28,"column":13}},"type":"if","locations":[{"start":{"line":26,"column":12},"end":{"line":28,"column":13}},{"start":{"line":26,"column":12},"end":{"line":28,"column":13}}]},"1":{"loc":{"start":{"line":33,"column":16},"end":{"line":33,"column":18}},"type":"cond-expr","locations":[{"start":{"line":33,"column":16},"end":{"line":33,"column":18}},{"start":{"line":34,"column":16},"end":{"line":34,"column":49}}]}},"s":{"0":1,"1":1,"2":1,"3":1,"4":1,"5":0,"6":0,"7":0,"8":0,"9":1,"10":1,"11":1},"f":{"0":1,"1":0,"2":0},"b":{"0":[0,0],"1":[0,0]}}
,"/Users/abigailcoe/Sites/budget/components/DayInputsContainer.tsx": {"path":"/Users/abigailcoe/Sites/budget/components/DayInputsContainer.tsx","statementMap":{"0":{"start":{"line":2,"column":0},"end":{"line":2,"column":25}},"1":{"start":{"line":3,"column":0},"end":{"line":3,"column":47}},"2":{"start":{"line":5,"column":0},"end":{"line":5,"column":65}},"3":{"start":{"line":7,"column":0},"end":{"line":7,"column":23}},"4":{"start":{"line":15,"column":27},"end":{"line":38,"column":1}},"5":{"start":{"line":16,"column":2},"end":{"line":16,"column":14}},"6":{"start":{"line":17,"column":2},"end":{"line":17,"column":13}},"7":{"start":{"line":18,"column":2},"end":{"line":18,"column":19}},"8":{"start":{"line":20,"column":15},"end":{"line":23,"column":13}},"9":{"start":{"line":24,"column":2},"end":{"line":37,"column":4}},"10":{"start":{"line":27,"column":26},"end":{"line":34,"column":9}},"11":{"start":{"line":40,"column":0},"end":{"line":40,"column":34}}},"fnMap":{"0":{"name":"(anonymous_1)","decl":{"start":{"line":15,"column":27},"end":{"line":15,"column":27}},"loc":{"start":{"line":19,"column":8},"end":{"line":38,"column":1}}},"1":{"name":"(anonymous_2)","decl":{"start":{"line":27,"column":18},"end":{"line":27,"column":17}},"loc":{"start":{"line":27,"column":22},"end":{"line":34,"column":9}}}},"branchMap":{},"s":{"0":1,"1":1,"2":1,"3":1,"4":1,"5":0,"6":0,"7":0,"8":0,"9":0,"10":0,"11":1},"f":{"0":0,"1":0},"b":{}}
,"/Users/abigailcoe/Sites/budget/components/PeriodAllowance.tsx": {"path":"/Users/abigailcoe/Sites/budget/components/PeriodAllowance.tsx","statementMap":{"0":{"start":{"line":1,"column":0},"end":{"line":1,"column":40}},"1":{"start":{"line":2,"column":0},"end":{"line":2,"column":64}},"2":{"start":{"line":9,"column":0},"end":{"line":9,"column":44}},"3":{"start":{"line":9,"column":35},"end":{"line":9,"column":51}},"4":{"start":{"line":10,"column":9},"end":{"line":32,"column":3}},"5":{"start":{"line":10,"column":2},"end":{"line":32,"column":2}},"6":{"start":{"line":11,"column":17},"end":{"line":11,"column":27}},"7":{"start":{"line":12,"column":18},"end":{"line":12,"column":65}},"8":{"start":{"line":13,"column":4},"end":{"line":31,"column":6}},"9":{"start":{"line":22,"column":12},"end":{"line":22,"column":45}},"10":{"start":{"line":33,"column":0},"end":{"line":33,"column":1}},"11":{"start":{"line":35,"column":15},"end":{"line":40,"column":2}},"12":{"start":{"line":42,"column":0},"end":{"line":42,"column":36}}},"fnMap":{"0":{"name":"(anonymous_7)","decl":{"start":{"line":9,"column":0},"end":{"line":null,"column":-1}},"loc":{"start":{"line":9,"column":0},"end":{"line":9,"column":-1}}},"1":{"name":"(anonymous_9)","decl":{"start":{"line":10,"column":2},"end":{"line":null,"column":-1}},"loc":{"start":{"line":10,"column":2},"end":{"line":32,"column":3}}},"2":{"name":"(anonymous_10)","decl":{"start":{"line":21,"column":24},"end":{"line":21,"column":24}},"loc":{"start":{"line":21,"column":34},"end":{"line":23,"column":11}}}},"branchMap":{"0":{"loc":{"start":{"line":26,"column":16},"end":{"line":26,"column":18}},"type":"cond-expr","locations":[{"start":{"line":26,"column":16},"end":{"line":26,"column":18}},{"start":{"line":27,"column":16},"end":{"line":27,"column":53}}]}},"s":{"0":1,"1":1,"2":1,"3":1,"4":1,"5":0,"6":0,"7":0,"8":0,"9":0,"10":1,"11":1,"12":1},"f":{"0":1,"1":0,"2":0},"b":{"0":[0,0]}}
,"/Users/abigailcoe/Sites/budget/components/RemainderCalculations.tsx": {"path":"/Users/abigailcoe/Sites/budget/components/RemainderCalculations.tsx","statementMap":{"0":{"start":{"line":1,"column":0},"end":{"line":1,"column":25}},"1":{"start":{"line":2,"column":0},"end":{"line":2,"column":53}},"2":{"start":{"line":12,"column":30},"end":{"line":50,"column":1}},"3":{"start":{"line":13,"column":2},"end":{"line":13,"column":16}},"4":{"start":{"line":14,"column":2},"end":{"line":14,"column":13}},"5":{"start":{"line":15,"column":2},"end":{"line":15,"column":15}},"6":{"start":{"line":16,"column":2},"end":{"line":16,"column":16}},"7":{"start":{"line":17,"column":2},"end":{"line":17,"column":12}},"8":{"start":{"line":19,"column":26},"end":{"line":19,"column":53}},"9":{"start":{"line":20,"column":21},"end":{"line":20,"column":77}},"10":{"start":{"line":20,"column":41},"end":{"line":20,"column":77}},"11":{"start":{"line":21,"column":30},"end":{"line":21,"column":71}},"12":{"start":{"line":22,"column":2},"end":{"line":49,"column":4}},"13":{"start":{"line":52,"column":15},"end":{"line":60,"column":2}},"14":{"start":{"line":62,"column":0},"end":{"line":62,"column":37}}},"fnMap":{"0":{"name":"(anonymous_1)","decl":{"start":{"line":12,"column":30},"end":{"line":12,"column":30}},"loc":{"start":{"line":18,"column":8},"end":{"line":50,"column":1}}},"1":{"name":"(anonymous_2)","decl":{"start":{"line":20,"column":21},"end":{"line":20,"column":21}},"loc":{"start":{"line":20,"column":36},"end":{"line":20,"column":77}}}},"branchMap":{"0":{"loc":{"start":{"line":37,"column":14},"end":{"line":37,"column":65}},"type":"cond-expr","locations":[{"start":{"line":37,"column":14},"end":{"line":37,"column":65}},{"start":{"line":38,"column":14},"end":{"line":38,"column":64}}]}},"s":{"0":1,"1":1,"2":1,"3":0,"4":0,"5":0,"6":0,"7":0,"8":0,"9":0,"10":0,"11":0,"12":0,"13":1,"14":1},"f":{"0":0,"1":0},"b":{"0":[0,0]}}
,"/Users/abigailcoe/Sites/budget/lib/date.tsx": {"path":"/Users/abigailcoe/Sites/budget/lib/date.tsx","statementMap":{"0":{"start":{"line":1,"column":0},"end":{"line":1,"column":22}},"1":{"start":{"line":3,"column":14},"end":{"line":3,"column":24}},"2":{"start":{"line":4,"column":18},"end":{"line":4,"column":33}},"3":{"start":{"line":6,"column":13},"end":{"line":12,"column":14}},"4":{"start":{"line":7,"column":2},"end":{"line":12,"column":13}},"5":{"start":{"line":14,"column":13},"end":{"line":28,"column":2}},"6":{"start":{"line":16,"column":2},"end":{"line":26,"column":3}},"7":{"start":{"line":17,"column":4},"end":{"line":21,"column":6}},"8":{"start":{"line":22,"column":9},"end":{"line":26,"column":3}},"9":{"start":{"line":23,"column":4},"end":{"line":23,"column":23}},"10":{"start":{"line":25,"column":4},"end":{"line":25,"column":45}},"11":{"start":{"line":27,"column":2},"end":{"line":27,"column":14}},"12":{"start":{"line":30,"column":13},"end":{"line":37,"column":2}},"13":{"start":{"line":31,"column":20},"end":{"line":31,"column":36}},"14":{"start":{"line":32,"column":2},"end":{"line":36,"column":20}}},"fnMap":{"0":{"name":"(anonymous_3)","decl":{"start":{"line":6,"column":40},"end":{"line":6,"column":40}},"loc":{"start":{"line":6,"column":59},"end":{"line":12,"column":13}}},"1":{"name":"(anonymous_4)","decl":{"start":{"line":14,"column":30},"end":{"line":14,"column":30}},"loc":{"start":{"line":14,"column":68},"end":{"line":28,"column":1}}},"2":{"name":"(anonymous_5)","decl":{"start":{"line":30,"column":35},"end":{"line":30,"column":35}},"loc":{"start":{"line":30,"column":53},"end":{"line":37,"column":1}}}},"branchMap":{"0":{"loc":{"start":{"line":9,"column":23},"end":{"line":9,"column":46}},"type":"cond-expr","locations":[{"start":{"line":9,"column":23},"end":{"line":9,"column":46}},{"start":{"line":9,"column":49},"end":{"line":9,"column":68}}]},"1":{"loc":{"start":{"line":16,"column":2},"end":{"line":26,"column":3}},"type":"if","locations":[{"start":{"line":16,"column":2},"end":{"line":26,"column":3}},{"start":{"line":16,"column":2},"end":{"line":26,"column":3}}]},"2":{"loc":{"start":{"line":19,"column":26},"end":{"line":19,"column":29}},"type":"cond-expr","locations":[{"start":{"line":19,"column":26},"end":{"line":19,"column":29}},{"start":{"line":19,"column":32},"end":{"line":19,"column":57}}]},"3":{"loc":{"start":{"line":22,"column":9},"end":{"line":26,"column":3}},"type":"if","locations":[{"start":{"line":22,"column":9},"end":{"line":26,"column":3}},{"start":{"line":22,"column":9},"end":{"line":26,"column":3}}]},"4":{"loc":{"start":{"line":33,"column":6},"end":{"line":33,"column":15}},"type":"cond-expr","locations":[{"start":{"line":33,"column":6},"end":{"line":33,"column":15}},{"start":{"line":34,"column":6},"end":{"line":36,"column":19}}]},"5":{"loc":{"start":{"line":35,"column":6},"end":{"line":35,"column":8}},"type":"cond-expr","locations":[{"start":{"line":35,"column":6},"end":{"line":35,"column":8}},{"start":{"line":36,"column":6},"end":{"line":36,"column":19}}]}},"s":{"0":1,"1":1,"2":1,"3":1,"4":2,"5":1,"6":1,"7":1,"8":0,"9":0,"10":0,"11":1,"12":1,"13":1,"14":1},"f":{"0":2,"1":1,"2":1},"b":{"0":[2,0],"1":[1,0],"2":[0,1],"3":[0,0],"4":[0,1],"5":[0,1]}}
}
