{"/Users/abigailcoe/Sites/budget/test-setup.js": {"path":"/Users/abigailcoe/Sites/budget/test-setup.js","statementMap":{"0":{"start":{"line":1,"column":42},"end":{"line":1,"column":97}},"1":{"start":{"line":1,"column":112},"end":{"line":1,"column":153}},"2":{"start":{"line":2,"column":26},"end":{"line":2,"column":84}},"3":{"start":{"line":3,"column":19},"end":{"line":3,"column":42}},"4":{"start":{"line":5,"column":0},"end":{"line":5,"column":74}},"5":{"start":{"line":9,"column":0},"end":{"line":9,"column":70}},"6":{"start":{"line":10,"column":0},"end":{"line":10,"column":66}}},"fnMap":{},"branchMap":{},"s":{"0":1,"1":1,"2":1,"3":1,"4":1,"5":1,"6":1},"f":{},"b":{},"_coverageSchema":"332fd63041d2c1bcb487cc26dd0d5f7d97098a6c","hash":"504fbf951b0ba8e1421d59591bf507a7dbb1f480"}
,"/Users/abigailcoe/Sites/budget/components/BudgetCalculator.tsx": {"path":"/Users/abigailcoe/Sites/budget/components/BudgetCalculator.tsx","statementMap":{"0":{"start":{"line":1,"column":0},"end":{"line":1,"column":40}},"1":{"start":{"line":2,"column":0},"end":{"line":2,"column":54}},"2":{"start":{"line":4,"column":0},"end":{"line":8,"column":20}},"3":{"start":{"line":10,"column":0},"end":{"line":10,"column":43}},"4":{"start":{"line":11,"column":0},"end":{"line":11,"column":44}},"5":{"start":{"line":12,"column":0},"end":{"line":12,"column":52}},"6":{"start":{"line":13,"column":0},"end":{"line":13,"column":59}},"7":{"start":{"line":23,"column":0},"end":{"line":23,"column":40}},"8":{"start":{"line":23,"column":31},"end":{"line":23,"column":51}},"9":{"start":{"line":25,"column":4},"end":{"line":25,"column":16}},"10":{"start":{"line":37,"column":9},"end":{"line":39,"column":4}},"11":{"start":{"line":38,"column":4},"end":{"line":38,"column":65}},"12":{"start":{"line":41,"column":9},"end":{"line":43,"column":4}},"13":{"start":{"line":42,"column":4},"end":{"line":42,"column":53}},"14":{"start":{"line":45,"column":9},"end":{"line":64,"column":4}},"15":{"start":{"line":46,"column":27},"end":{"line":46,"column":28}},"16":{"start":{"line":47,"column":27},"end":{"line":50,"column":5}},"17":{"start":{"line":51,"column":4},"end":{"line":53,"column":5}},"18":{"start":{"line":52,"column":6},"end":{"line":52,"column":37}},"19":{"start":{"line":54,"column":26},"end":{"line":54,"column":56}},"20":{"start":{"line":55,"column":4},"end":{"line":59,"column":5}},"21":{"start":{"line":56,"column":6},"end":{"line":58,"column":33}},"22":{"start":{"line":57,"column":28},"end":{"line":57,"column":48}},"23":{"start":{"line":58,"column":26},"end":{"line":58,"column":31}},"24":{"start":{"line":60,"column":4},"end":{"line":63,"column":7}},"25":{"start":{"line":26,"column":4},"end":{"line":31,"column":6}},"26":{"start":{"line":32,"column":4},"end":{"line":32,"column":38}},"27":{"start":{"line":33,"column":4},"end":{"line":33,"column":41}},"28":{"start":{"line":34,"column":4},"end":{"line":34,"column":38}},"29":{"start":{"line":66,"column":9},"end":{"line":104,"column":3}},"30":{"start":{"line":67,"column":29},"end":{"line":67,"column":76}},"31":{"start":{"line":68,"column":29},"end":{"line":68,"column":71}},"32":{"start":{"line":69,"column":24},"end":{"line":72,"column":12}},"33":{"start":{"line":73,"column":26},"end":{"line":73,"column":56}},"34":{"start":{"line":75,"column":6},"end":{"line":75,"column":71}},"35":{"start":{"line":76,"column":4},"end":{"line":103,"column":6}},"36":{"start":{"line":105,"column":0},"end":{"line":105,"column":1}},"37":{"start":{"line":107,"column":0},"end":{"line":107,"column":32}}},"fnMap":{"0":{"name":"(anonymous_10)","decl":{"start":{"line":23,"column":0},"end":{"line":null,"column":-1}},"loc":{"start":{"line":23,"column":0},"end":{"line":23,"column":-1}}},"1":{"name":"BudgetCalculator","decl":{"start":{"line":24,"column":2},"end":{"line":24,"column":20}},"loc":{"start":{"line":24,"column":31},"end":{"line":35,"column":3}}},"2":{"name":"(anonymous_12)","decl":{"start":{"line":37,"column":29},"end":{"line":37,"column":29}},"loc":{"start":{"line":37,"column":46},"end":{"line":39,"column":3}}},"3":{"name":"(anonymous_13)","decl":{"start":{"line":41,"column":29},"end":{"line":41,"column":29}},"loc":{"start":{"line":41,"column":50},"end":{"line":43,"column":3}}},"4":{"name":"(anonymous_14)","decl":{"start":{"line":45,"column":32},"end":{"line":45,"column":32}},"loc":{"start":{"line":45,"column":66},"end":{"line":64,"column":3}}},"5":{"name":"(anonymous_15)","decl":{"start":{"line":57,"column":13},"end":{"line":57,"column":13}},"loc":{"start":{"line":57,"column":23},"end":{"line":57,"column":48}}},"6":{"name":"(anonymous_16)","decl":{"start":{"line":58,"column":16},"end":{"line":58,"column":16}},"loc":{"start":{"line":58,"column":21},"end":{"line":58,"column":31}}},"7":{"name":"(anonymous_17)","decl":{"start":{"line":66,"column":2},"end":{"line":null,"column":-1}},"loc":{"start":{"line":66,"column":2},"end":{"line":104,"column":3}}}},"branchMap":{"0":{"loc":{"start":{"line":25,"column":4},"end":{"line":25,"column":16}},"type":"binary-expr","locations":[{"start":{"line":25,"column":4},"end":{"line":25,"column":16}},{"start":{"line":25,"column":16},"end":{"line":35,"column":2}}]},"1":{"loc":{"start":{"line":51,"column":4},"end":{"line":53,"column":5}},"type":"if","locations":[{"start":{"line":51,"column":4},"end":{"line":53,"column":5}},{"start":{"line":51,"column":4},"end":{"line":53,"column":5}}]},"2":{"loc":{"start":{"line":55,"column":4},"end":{"line":59,"column":5}},"type":"if","locations":[{"start":{"line":55,"column":4},"end":{"line":59,"column":5}},{"start":{"line":55,"column":4},"end":{"line":59,"column":5}}]}},"s":{"0":1,"1":1,"2":1,"3":1,"4":1,"5":1,"6":1,"7":1,"8":1,"9":1,"10":1,"11":0,"12":1,"13":0,"14":1,"15":0,"16":0,"17":0,"18":0,"19":0,"20":0,"21":0,"22":0,"23":0,"24":0,"25":1,"26":1,"27":1,"28":1,"29":1,"30":1,"31":1,"32":1,"33":1,"34":1,"35":1,"36":1,"37":1},"f":{"0":1,"1":1,"2":0,"3":0,"4":0,"5":0,"6":0,"7":1},"b":{"0":[1,1],"1":[0,0],"2":[0,0]}}
,"/Users/abigailcoe/Sites/budget/components/DateSelection.tsx": {"path":"/Users/abigailcoe/Sites/budget/components/DateSelection.tsx","statementMap":{"0":{"start":{"line":1,"column":0},"end":{"line":1,"column":22}},"1":{"start":{"line":2,"column":0},"end":{"line":2,"column":40}},"2":{"start":{"line":3,"column":0},"end":{"line":3,"column":67}},"3":{"start":{"line":5,"column":20},"end":{"line":5,"column":34}},"4":{"start":{"line":16,"column":0},"end":{"line":16,"column":37}},"5":{"start":{"line":16,"column":28},"end":{"line":16,"column":51}},"6":{"start":{"line":16,"column":0},"end":{"line":48,"column":0}},"7":{"start":{"line":17,"column":9},"end":{"line":19,"column":4}},"8":{"start":{"line":21,"column":9},"end":{"line":47,"column":3}},"9":{"start":{"line":21,"column":2},"end":{"line":47,"column":2}},"10":{"start":{"line":22,"column":4},"end":{"line":46,"column":6}},"11":{"start":{"line":25,"column":25},"end":{"line":25,"column":78}},"12":{"start":{"line":32,"column":12},"end":{"line":32,"column":57}},"13":{"start":{"line":35,"column":35},"end":{"line":37,"column":11}},"14":{"start":{"line":42,"column":23},"end":{"line":42,"column":76}},"15":{"start":{"line":48,"column":0},"end":{"line":48,"column":1}},"16":{"start":{"line":50,"column":0},"end":{"line":50,"column":29}}},"fnMap":{"0":{"name":"(anonymous_8)","decl":{"start":{"line":16,"column":0},"end":{"line":null,"column":-1}},"loc":{"start":{"line":16,"column":0},"end":{"line":16,"column":-1}}},"1":{"name":"(anonymous_10)","decl":{"start":{"line":21,"column":2},"end":{"line":null,"column":-1}},"loc":{"start":{"line":21,"column":2},"end":{"line":47,"column":3}}},"2":{"name":"(anonymous_11)","decl":{"start":{"line":25,"column":19},"end":{"line":25,"column":24}},"loc":{"start":{"line":25,"column":19},"end":{"line":25,"column":78}}},"3":{"name":"(anonymous_12)","decl":{"start":{"line":31,"column":25},"end":{"line":31,"column":24}},"loc":{"start":{"line":31,"column":34},"end":{"line":32,"column":57}}},"4":{"name":"(anonymous_13)","decl":{"start":{"line":35,"column":27},"end":{"line":35,"column":26}},"loc":{"start":{"line":35,"column":31},"end":{"line":37,"column":11}}},"5":{"name":"(anonymous_14)","decl":{"start":{"line":42,"column":17},"end":{"line":42,"column":22}},"loc":{"start":{"line":42,"column":17},"end":{"line":42,"column":76}}}},"branchMap":{"0":{"loc":{"start":{"line":16,"column":0},"end":{"line":48,"column":0}},"type":"binary-expr","locations":[{"start":{"line":16,"column":0},"end":{"line":48,"column":0}},{"start":{"line":16,"column":0},"end":{"line":48,"column":0}},{"start":{"line":16,"column":0},"end":{"line":48,"column":0}}]},"1":{"loc":{"start":{"line":23,"column":6},"end":{"line":39,"column":13}},"type":"cond-expr","locations":[{"start":{"line":23,"column":6},"end":{"line":39,"column":13}},{"start":{"line":41,"column":6},"end":{"line":45,"column":25}}]}},"s":{"0":1,"1":1,"2":1,"3":1,"4":1,"5":1,"6":0,"7":0,"8":1,"9":0,"10":0,"11":0,"12":0,"13":0,"14":0,"15":1,"16":1},"f":{"0":1,"1":0,"2":0,"3":0,"4":0,"5":0},"b":{"0":[0,0,0],"1":[0,0]}}
,"/Users/abigailcoe/Sites/budget/components/Day.tsx": {"path":"/Users/abigailcoe/Sites/budget/components/Day.tsx","statementMap":{"0":{"start":{"line":1,"column":0},"end":{"line":1,"column":40}},"1":{"start":{"line":2,"column":0},"end":{"line":2,"column":52}},"2":{"start":{"line":10,"column":0},"end":{"line":10,"column":27}},"3":{"start":{"line":10,"column":18},"end":{"line":10,"column":34}},"4":{"start":{"line":11,"column":9},"end":{"line":39,"column":3}},"5":{"start":{"line":11,"column":2},"end":{"line":39,"column":2}},"6":{"start":{"line":12,"column":4},"end":{"line":38,"column":6}},"7":{"start":{"line":21,"column":12},"end":{"line":23,"column":13}},"8":{"start":{"line":22,"column":14},"end":{"line":22,"column":80}},"9":{"start":{"line":40,"column":0},"end":{"line":40,"column":1}},"10":{"start":{"line":42,"column":0},"end":{"line":42,"column":19}}},"fnMap":{"0":{"name":"(anonymous_7)","decl":{"start":{"line":10,"column":0},"end":{"line":null,"column":-1}},"loc":{"start":{"line":10,"column":0},"end":{"line":10,"column":-1}}},"1":{"name":"(anonymous_9)","decl":{"start":{"line":11,"column":2},"end":{"line":null,"column":-1}},"loc":{"start":{"line":11,"column":2},"end":{"line":39,"column":3}}},"2":{"name":"(anonymous_10)","decl":{"start":{"line":20,"column":24},"end":{"line":20,"column":24}},"loc":{"start":{"line":20,"column":34},"end":{"line":24,"column":11}}}},"branchMap":{"0":{"loc":{"start":{"line":21,"column":12},"end":{"line":23,"column":13}},"type":"if","locations":[{"start":{"line":21,"column":12},"end":{"line":23,"column":13}},{"start":{"line":21,"column":12},"end":{"line":23,"column":13}}]},"1":{"loc":{"start":{"line":33,"column":16},"end":{"line":33,"column":18}},"type":"cond-expr","locations":[{"start":{"line":33,"column":16},"end":{"line":33,"column":18}},{"start":{"line":34,"column":16},"end":{"line":34,"column":49}}]}},"s":{"0":1,"1":1,"2":1,"3":1,"4":1,"5":0,"6":0,"7":0,"8":0,"9":1,"10":1},"f":{"0":1,"1":0,"2":0},"b":{"0":[0,0],"1":[0,0]}}
,"/Users/abigailcoe/Sites/budget/components/DayInputsContainer.tsx": {"path":"/Users/abigailcoe/Sites/budget/components/DayInputsContainer.tsx","statementMap":{"0":{"start":{"line":2,"column":0},"end":{"line":2,"column":25}},"1":{"start":{"line":3,"column":0},"end":{"line":3,"column":53}},"2":{"start":{"line":5,"column":0},"end":{"line":5,"column":65}},"3":{"start":{"line":7,"column":0},"end":{"line":7,"column":23}},"4":{"start":{"line":16,"column":27},"end":{"line":38,"column":1}},"5":{"start":{"line":17,"column":2},"end":{"line":17,"column":14}},"6":{"start":{"line":18,"column":2},"end":{"line":18,"column":16}},"7":{"start":{"line":19,"column":2},"end":{"line":19,"column":13}},"8":{"start":{"line":20,"column":2},"end":{"line":20,"column":19}},"9":{"start":{"line":22,"column":15},"end":{"line":22,"column":76}},"10":{"start":{"line":23,"column":2},"end":{"line":37,"column":4}},"11":{"start":{"line":27,"column":26},"end":{"line":34,"column":9}},"12":{"start":{"line":40,"column":0},"end":{"line":40,"column":34}}},"fnMap":{"0":{"name":"(anonymous_1)","decl":{"start":{"line":16,"column":27},"end":{"line":16,"column":27}},"loc":{"start":{"line":21,"column":8},"end":{"line":38,"column":1}}},"1":{"name":"(anonymous_2)","decl":{"start":{"line":27,"column":18},"end":{"line":27,"column":17}},"loc":{"start":{"line":27,"column":22},"end":{"line":34,"column":9}}}},"branchMap":{},"s":{"0":1,"1":1,"2":1,"3":1,"4":1,"5":0,"6":0,"7":0,"8":0,"9":0,"10":0,"11":0,"12":1},"f":{"0":0,"1":0},"b":{}}
,"/Users/abigailcoe/Sites/budget/components/PeriodAllowance.tsx": {"path":"/Users/abigailcoe/Sites/budget/components/PeriodAllowance.tsx","statementMap":{"0":{"start":{"line":1,"column":0},"end":{"line":1,"column":40}},"1":{"start":{"line":2,"column":0},"end":{"line":2,"column":46}},"2":{"start":{"line":9,"column":0},"end":{"line":9,"column":44}},"3":{"start":{"line":9,"column":35},"end":{"line":9,"column":51}},"4":{"start":{"line":10,"column":9},"end":{"line":26,"column":3}},"5":{"start":{"line":10,"column":2},"end":{"line":26,"column":2}},"6":{"start":{"line":11,"column":4},"end":{"line":25,"column":6}},"7":{"start":{"line":15,"column":12},"end":{"line":15,"column":45}},"8":{"start":{"line":27,"column":0},"end":{"line":27,"column":1}},"9":{"start":{"line":29,"column":0},"end":{"line":29,"column":36}}},"fnMap":{"0":{"name":"(anonymous_7)","decl":{"start":{"line":9,"column":0},"end":{"line":null,"column":-1}},"loc":{"start":{"line":9,"column":0},"end":{"line":9,"column":-1}}},"1":{"name":"(anonymous_9)","decl":{"start":{"line":10,"column":2},"end":{"line":null,"column":-1}},"loc":{"start":{"line":10,"column":2},"end":{"line":26,"column":3}}},"2":{"name":"(anonymous_10)","decl":{"start":{"line":14,"column":24},"end":{"line":14,"column":24}},"loc":{"start":{"line":14,"column":34},"end":{"line":16,"column":11}}}},"branchMap":{"0":{"loc":{"start":{"line":19,"column":16},"end":{"line":19,"column":18}},"type":"cond-expr","locations":[{"start":{"line":19,"column":16},"end":{"line":19,"column":18}},{"start":{"line":20,"column":16},"end":{"line":20,"column":53}}]}},"s":{"0":1,"1":1,"2":1,"3":1,"4":1,"5":0,"6":0,"7":0,"8":1,"9":1},"f":{"0":1,"1":0,"2":0},"b":{"0":[0,0]}}
,"/Users/abigailcoe/Sites/budget/components/RemainderCalculations.tsx": {"path":"/Users/abigailcoe/Sites/budget/components/RemainderCalculations.tsx","statementMap":{"0":{"start":{"line":1,"column":0},"end":{"line":1,"column":25}},"1":{"start":{"line":2,"column":0},"end":{"line":2,"column":53}},"2":{"start":{"line":12,"column":30},"end":{"line":42,"column":1}},"3":{"start":{"line":13,"column":2},"end":{"line":13,"column":16}},"4":{"start":{"line":14,"column":2},"end":{"line":14,"column":13}},"5":{"start":{"line":15,"column":2},"end":{"line":15,"column":15}},"6":{"start":{"line":16,"column":2},"end":{"line":16,"column":16}},"7":{"start":{"line":17,"column":2},"end":{"line":17,"column":12}},"8":{"start":{"line":19,"column":26},"end":{"line":19,"column":53}},"9":{"start":{"line":20,"column":21},"end":{"line":20,"column":77}},"10":{"start":{"line":20,"column":41},"end":{"line":20,"column":77}},"11":{"start":{"line":21,"column":2},"end":{"line":41,"column":4}},"12":{"start":{"line":44,"column":15},"end":{"line":48,"column":2}},"13":{"start":{"line":50,"column":0},"end":{"line":50,"column":37}}},"fnMap":{"0":{"name":"(anonymous_1)","decl":{"start":{"line":12,"column":30},"end":{"line":12,"column":30}},"loc":{"start":{"line":18,"column":8},"end":{"line":42,"column":1}}},"1":{"name":"(anonymous_2)","decl":{"start":{"line":20,"column":21},"end":{"line":20,"column":21}},"loc":{"start":{"line":20,"column":36},"end":{"line":20,"column":77}}}},"branchMap":{},"s":{"0":1,"1":1,"2":1,"3":0,"4":0,"5":0,"6":0,"7":0,"8":0,"9":0,"10":0,"11":0,"12":1,"13":1},"f":{"0":0,"1":0},"b":{}}
,"/Users/abigailcoe/Sites/budget/lib/date.tsx": {"path":"/Users/abigailcoe/Sites/budget/lib/date.tsx","statementMap":{"0":{"start":{"line":1,"column":0},"end":{"line":1,"column":22}},"1":{"start":{"line":3,"column":14},"end":{"line":3,"column":24}},"2":{"start":{"line":4,"column":18},"end":{"line":4,"column":33}},"3":{"start":{"line":6,"column":13},"end":{"line":12,"column":14}},"4":{"start":{"line":7,"column":2},"end":{"line":12,"column":13}},"5":{"start":{"line":14,"column":13},"end":{"line":28,"column":2}},"6":{"start":{"line":16,"column":2},"end":{"line":26,"column":3}},"7":{"start":{"line":17,"column":4},"end":{"line":21,"column":6}},"8":{"start":{"line":22,"column":9},"end":{"line":26,"column":3}},"9":{"start":{"line":23,"column":4},"end":{"line":23,"column":23}},"10":{"start":{"line":25,"column":4},"end":{"line":25,"column":45}},"11":{"start":{"line":27,"column":2},"end":{"line":27,"column":14}},"12":{"start":{"line":30,"column":13},"end":{"line":37,"column":2}},"13":{"start":{"line":31,"column":20},"end":{"line":31,"column":36}},"14":{"start":{"line":32,"column":2},"end":{"line":36,"column":20}}},"fnMap":{"0":{"name":"(anonymous_3)","decl":{"start":{"line":6,"column":40},"end":{"line":6,"column":40}},"loc":{"start":{"line":6,"column":59},"end":{"line":12,"column":13}}},"1":{"name":"(anonymous_4)","decl":{"start":{"line":14,"column":30},"end":{"line":14,"column":30}},"loc":{"start":{"line":14,"column":68},"end":{"line":28,"column":1}}},"2":{"name":"(anonymous_5)","decl":{"start":{"line":30,"column":35},"end":{"line":30,"column":35}},"loc":{"start":{"line":30,"column":53},"end":{"line":37,"column":1}}}},"branchMap":{"0":{"loc":{"start":{"line":9,"column":23},"end":{"line":9,"column":46}},"type":"cond-expr","locations":[{"start":{"line":9,"column":23},"end":{"line":9,"column":46}},{"start":{"line":9,"column":49},"end":{"line":9,"column":68}}]},"1":{"loc":{"start":{"line":16,"column":2},"end":{"line":26,"column":3}},"type":"if","locations":[{"start":{"line":16,"column":2},"end":{"line":26,"column":3}},{"start":{"line":16,"column":2},"end":{"line":26,"column":3}}]},"2":{"loc":{"start":{"line":19,"column":26},"end":{"line":19,"column":29}},"type":"cond-expr","locations":[{"start":{"line":19,"column":26},"end":{"line":19,"column":29}},{"start":{"line":19,"column":32},"end":{"line":19,"column":57}}]},"3":{"loc":{"start":{"line":22,"column":9},"end":{"line":26,"column":3}},"type":"if","locations":[{"start":{"line":22,"column":9},"end":{"line":26,"column":3}},{"start":{"line":22,"column":9},"end":{"line":26,"column":3}}]},"4":{"loc":{"start":{"line":33,"column":6},"end":{"line":33,"column":15}},"type":"cond-expr","locations":[{"start":{"line":33,"column":6},"end":{"line":33,"column":15}},{"start":{"line":34,"column":6},"end":{"line":36,"column":19}}]},"5":{"loc":{"start":{"line":35,"column":6},"end":{"line":35,"column":8}},"type":"cond-expr","locations":[{"start":{"line":35,"column":6},"end":{"line":35,"column":8}},{"start":{"line":36,"column":6},"end":{"line":36,"column":19}}]}},"s":{"0":1,"1":1,"2":1,"3":1,"4":2,"5":1,"6":1,"7":1,"8":0,"9":0,"10":0,"11":1,"12":1,"13":1,"14":1},"f":{"0":2,"1":1,"2":1},"b":{"0":[2,0],"1":[1,0],"2":[0,1],"3":[0,0],"4":[0,1],"5":[0,1]}}
}
