TN:
SF:/Users/abigailcoe/Sites/budget/test-setup.js
FNF:0
FNH:0
DA:1,1
DA:2,1
DA:3,1
DA:5,1
DA:9,1
DA:10,1
LF:6
LH:6
BRF:0
BRH:0
end_of_record
TN:
SF:/Users/abigailcoe/Sites/budget/components/BudgetCalculator.tsx
FN:23,(anonymous_10)
FN:24,BudgetCalculator
FN:37,(anonymous_12)
FN:41,(anonymous_13)
FN:45,(anonymous_14)
FN:57,(anonymous_15)
FN:58,(anonymous_16)
FN:66,(anonymous_17)
FNF:8
FNH:3
FNDA:1,(anonymous_10)
FNDA:1,BudgetCalculator
FNDA:0,(anonymous_12)
FNDA:0,(anonymous_13)
FNDA:0,(anonymous_14)
FNDA:0,(anonymous_15)
FNDA:0,(anonymous_16)
FNDA:1,(anonymous_17)
DA:1,1
DA:2,1
DA:4,1
DA:10,1
DA:11,1
DA:12,1
DA:13,1
DA:23,1
DA:25,1
DA:26,1
DA:32,1
DA:33,1
DA:34,1
DA:37,1
DA:38,0
DA:41,1
DA:42,0
DA:45,1
DA:46,0
DA:47,0
DA:51,0
DA:52,0
DA:54,0
DA:55,0
DA:56,0
DA:57,0
DA:58,0
DA:60,0
DA:66,1
DA:67,1
DA:68,1
DA:69,1
DA:73,1
DA:75,1
DA:76,1
DA:105,1
DA:107,1
LF:37
LH:25
BRDA:25,0,0,1
BRDA:25,0,1,1
BRDA:51,1,0,0
BRDA:51,1,1,0
BRDA:55,2,0,0
BRDA:55,2,1,0
BRF:6
BRH:2
end_of_record
TN:
SF:/Users/abigailcoe/Sites/budget/components/DateSelection.tsx
FN:16,(anonymous_8)
FN:21,(anonymous_10)
FN:25,(anonymous_11)
FN:31,(anonymous_12)
FN:35,(anonymous_13)
FN:42,(anonymous_14)
FNF:6
FNH:1
FNDA:1,(anonymous_8)
FNDA:0,(anonymous_10)
FNDA:0,(anonymous_11)
FNDA:0,(anonymous_12)
FNDA:0,(anonymous_13)
FNDA:0,(anonymous_14)
DA:1,1
DA:2,1
DA:3,1
DA:5,1
DA:16,1
DA:17,0
DA:21,1
DA:22,0
DA:25,0
DA:32,0
DA:35,0
DA:42,0
DA:48,1
DA:50,1
LF:14
LH:8
BRDA:16,0,0,0
BRDA:16,0,1,0
BRDA:16,0,2,0
BRDA:23,1,0,0
BRDA:23,1,1,0
BRF:5
BRH:0
end_of_record
TN:
SF:/Users/abigailcoe/Sites/budget/components/Day.tsx
FN:10,(anonymous_7)
FN:11,(anonymous_9)
FN:20,(anonymous_10)
FNF:3
FNH:1
FNDA:1,(anonymous_7)
FNDA:0,(anonymous_9)
FNDA:0,(anonymous_10)
DA:1,1
DA:2,1
DA:10,1
DA:11,1
DA:12,0
DA:21,0
DA:22,0
DA:40,1
DA:42,1
LF:9
LH:6
BRDA:21,0,0,0
BRDA:21,0,1,0
BRDA:33,1,0,0
BRDA:33,1,1,0
BRF:4
BRH:0
end_of_record
TN:
SF:/Users/abigailcoe/Sites/budget/components/DayInputsContainer.tsx
FN:16,(anonymous_1)
FN:27,(anonymous_2)
FNF:2
FNH:0
FNDA:0,(anonymous_1)
FNDA:0,(anonymous_2)
DA:2,1
DA:3,1
DA:5,1
DA:7,1
DA:16,1
DA:17,0
DA:18,0
DA:19,0
DA:20,0
DA:22,0
DA:23,0
DA:27,0
DA:40,1
LF:13
LH:6
BRF:0
BRH:0
end_of_record
TN:
SF:/Users/abigailcoe/Sites/budget/components/PeriodAllowance.tsx
FN:9,(anonymous_7)
FN:10,(anonymous_9)
FN:14,(anonymous_10)
FNF:3
FNH:1
FNDA:1,(anonymous_7)
FNDA:0,(anonymous_9)
FNDA:0,(anonymous_10)
DA:1,1
DA:2,1
DA:9,1
DA:10,1
DA:11,0
DA:15,0
DA:27,1
DA:29,1
LF:8
LH:6
BRDA:19,0,0,0
BRDA:19,0,1,0
BRF:2
BRH:0
end_of_record
TN:
SF:/Users/abigailcoe/Sites/budget/components/RemainderCalculations.tsx
FN:12,(anonymous_1)
FN:20,(anonymous_2)
FNF:2
FNH:0
FNDA:0,(anonymous_1)
FNDA:0,(anonymous_2)
DA:1,1
DA:2,1
DA:12,1
DA:13,0
DA:14,0
DA:15,0
DA:16,0
DA:17,0
DA:19,0
DA:20,0
DA:21,0
DA:44,1
DA:50,1
LF:13
LH:5
BRF:0
BRH:0
end_of_record
TN:
SF:/Users/abigailcoe/Sites/budget/lib/date.tsx
FN:6,(anonymous_3)
FN:14,(anonymous_4)
FN:30,(anonymous_5)
FNF:3
FNH:3
FNDA:2,(anonymous_3)
FNDA:1,(anonymous_4)
FNDA:1,(anonymous_5)
DA:1,1
DA:3,1
DA:4,1
DA:6,1
DA:7,2
DA:14,1
DA:16,1
DA:17,1
DA:22,0
DA:23,0
DA:25,0
DA:27,1
DA:30,1
DA:31,1
DA:32,1
LF:15
LH:12
BRDA:9,0,0,2
BRDA:9,0,1,0
BRDA:16,1,0,1
BRDA:16,1,1,0
BRDA:19,2,0,0
BRDA:19,2,1,1
BRDA:22,3,0,0
BRDA:22,3,1,0
BRDA:33,4,0,0
BRDA:33,4,1,1
BRDA:35,5,0,0
BRDA:35,5,1,1
BRF:12
BRH:5
end_of_record
