TN:
SF:/Users/abigailcoe/Sites/budget/test-setup.js
FNF:0
FNH:0
DA:1,1
DA:2,1
DA:3,1
DA:5,1
DA:9,1
DA:10,1
LF:6
LH:6
BRF:0
BRH:0
end_of_record
TN:
SF:/Users/abigailcoe/Sites/budget/components/BudgetCalculator.tsx
FN:23,(anonymous_22)
FN:24,BudgetCalculator
FN:42,(anonymous_24)
FN:49,(anonymous_25)
FN:53,(anonymous_26)
FN:65,(anonymous_27)
FN:66,(anonymous_28)
FN:120,(anonymous_29)
FN:140,(anonymous_32)
FN:150,(anonymous_35)
FN:37,(anonymous_38)
FN:77,(anonymous_39)
FNF:12
FNH:6
FNDA:1,(anonymous_22)
FNDA:1,BudgetCalculator
FNDA:0,(anonymous_24)
FNDA:0,(anonymous_25)
FNDA:0,(anonymous_26)
FNDA:0,(anonymous_27)
FNDA:0,(anonymous_28)
FNDA:1,(anonymous_29)
FNDA:0,(anonymous_32)
FNDA:1,(anonymous_35)
FNDA:1,(anonymous_38)
FNDA:1,(anonymous_39)
DA:1,1
DA:2,1
DA:3,1
DA:5,1
DA:11,1
DA:12,1
DA:13,1
DA:14,1
DA:23,1
DA:25,1
DA:26,1
DA:32,1
DA:33,1
DA:34,1
DA:37,1
DA:38,1
DA:39,1
DA:42,1
DA:43,0
DA:49,1
DA:50,0
DA:53,1
DA:54,0
DA:55,0
DA:59,0
DA:60,0
DA:62,0
DA:63,0
DA:64,0
DA:65,0
DA:66,0
DA:68,0
DA:77,1
DA:78,1
DA:79,1
DA:80,1
DA:84,1
DA:85,1
DA:88,1
DA:120,1
DA:121,1
DA:122,1
DA:123,1
DA:124,0
DA:125,0
DA:126,0
DA:127,0
DA:133,0
DA:134,0
DA:135,0
DA:136,0
DA:140,1
DA:141,0
DA:142,0
DA:143,0
DA:147,0
DA:150,1
DA:151,1
DA:152,1
DA:153,0
DA:154,0
DA:155,0
DA:163,1
DA:165,1
LF:64
LH:37
BRDA:25,0,0,1
BRDA:25,0,1,1
BRDA:59,1,0,0
BRDA:59,1,1,0
BRDA:63,2,0,0
BRDA:63,2,1,0
BRDA:126,3,0,0
BRDA:126,3,1,0
BRDA:153,4,0,0
BRDA:153,4,1,0
BRF:10
BRH:2
end_of_record
TN:
SF:/Users/abigailcoe/Sites/budget/components/DateSelection.tsx
FN:16,(anonymous_8)
FN:21,(anonymous_10)
FN:24,(anonymous_11)
FN:32,(anonymous_12)
FN:36,(anonymous_13)
FNF:5
FNH:1
FNDA:1,(anonymous_8)
FNDA:0,(anonymous_10)
FNDA:0,(anonymous_11)
FNDA:0,(anonymous_12)
FNDA:0,(anonymous_13)
DA:1,1
DA:2,1
DA:3,1
DA:5,1
DA:16,1
DA:17,0
DA:21,1
DA:22,0
DA:24,0
DA:33,0
DA:36,0
DA:44,1
DA:46,1
LF:13
LH:8
BRDA:16,0,0,0
BRDA:16,0,1,0
BRDA:16,0,2,0
BRDA:29,1,0,0
BRDA:29,1,1,0
BRF:5
BRH:0
end_of_record
TN:
SF:/Users/abigailcoe/Sites/budget/components/Day.tsx
FN:10,(anonymous_7)
FN:11,(anonymous_9)
FN:25,(anonymous_10)
FNF:3
FNH:1
FNDA:1,(anonymous_7)
FNDA:0,(anonymous_9)
FNDA:0,(anonymous_10)
DA:1,1
DA:2,1
DA:10,1
DA:11,1
DA:12,0
DA:26,0
DA:27,0
DA:40,1
DA:42,1
DA:58,1
LF:10
LH:7
BRDA:26,0,0,0
BRDA:26,0,1,0
BRDA:33,1,0,0
BRDA:33,1,1,0
BRF:4
BRH:0
end_of_record
TN:
SF:/Users/abigailcoe/Sites/budget/components/DayInputsContainer.tsx
FN:15,(anonymous_1)
FN:27,(anonymous_2)
FNF:2
FNH:0
FNDA:0,(anonymous_1)
FNDA:0,(anonymous_2)
DA:2,1
DA:3,1
DA:5,1
DA:7,1
DA:15,1
DA:16,0
DA:17,0
DA:18,0
DA:20,0
DA:24,0
DA:27,0
DA:40,1
LF:12
LH:6
BRF:0
BRH:0
end_of_record
TN:
SF:/Users/abigailcoe/Sites/budget/components/PeriodAllowance.tsx
FN:9,(anonymous_7)
FN:10,(anonymous_9)
FN:21,(anonymous_10)
FNF:3
FNH:1
FNDA:1,(anonymous_7)
FNDA:0,(anonymous_9)
FNDA:0,(anonymous_10)
DA:1,1
DA:2,1
DA:9,1
DA:10,1
DA:11,0
DA:12,0
DA:13,0
DA:22,0
DA:33,1
DA:35,1
DA:42,1
LF:11
LH:7
BRDA:26,0,0,0
BRDA:26,0,1,0
BRF:2
BRH:0
end_of_record
TN:
SF:/Users/abigailcoe/Sites/budget/components/RemainderCalculations.tsx
FN:12,(anonymous_1)
FN:20,(anonymous_2)
FNF:2
FNH:0
FNDA:0,(anonymous_1)
FNDA:0,(anonymous_2)
DA:1,1
DA:2,1
DA:12,1
DA:13,0
DA:14,0
DA:15,0
DA:16,0
DA:17,0
DA:19,0
DA:20,0
DA:21,0
DA:22,0
DA:52,1
DA:62,1
LF:14
LH:5
BRDA:37,0,0,0
BRDA:37,0,1,0
BRF:2
BRH:0
end_of_record
TN:
SF:/Users/abigailcoe/Sites/budget/lib/date.tsx
FN:6,(anonymous_3)
FN:14,(anonymous_4)
FN:30,(anonymous_5)
FNF:3
FNH:3
FNDA:2,(anonymous_3)
FNDA:1,(anonymous_4)
FNDA:1,(anonymous_5)
DA:1,1
DA:3,1
DA:4,1
DA:6,1
DA:7,2
DA:14,1
DA:16,1
DA:17,1
DA:22,0
DA:23,0
DA:25,0
DA:27,1
DA:30,1
DA:31,1
DA:32,1
LF:15
LH:12
BRDA:9,0,0,2
BRDA:9,0,1,0
BRDA:16,1,0,1
BRDA:16,1,1,0
BRDA:19,2,0,0
BRDA:19,2,1,1
BRDA:22,3,0,0
BRDA:22,3,1,0
BRDA:33,4,0,0
BRDA:33,4,1,1
BRDA:35,5,0,0
BRDA:35,5,1,1
BRF:12
BRH:5
end_of_record
